c:\users\nunocunha\documents\stroberaw_userp\stroberaw_userp\x64\debug\vc143.pdb
c:\users\nunocunha\documents\stroberaw_userp\stroberaw_userp\x64\debug\vc143.idb
c:\users\nunocunha\documents\stroberaw_userp\stroberaw_userp\x64\debug\stroberaw_userp.obj
c:\users\nunocunha\documents\stroberaw\x64\debug\stroberaw_userp.exe
c:\users\nunocunha\documents\stroberaw\x64\debug\stroberaw_userp.pdb
c:\users\nunocunha\documents\stroberaw_userp\x64\debug\stroberaw_userp.exe
c:\users\nunocunha\documents\stroberaw_userp\x64\debug\stroberaw_userp.pdb
c:\users\nunocunha\documents\stroberaw\stroberaw_userp\x64\debug\stroberaw.res
c:\users\nunocunha\documents\stroberaw_userp\stroberaw_userp\x64\debug\stroberaw.res
c:\users\nunocunha\documents\stroberaw_userp\stroberaw_userp\x64\debug\stroberaw_userp.ilk
c:\users\nunocunha\documents\stroberaw_userp\stroberaw_userp\x64\debug\strobesimple.obj
c:\users\nunocunha\documents\stroberaw_userp\stroberaw_userp\x64\debug\stroberaw_userp.tlog\cl.command.1.tlog
c:\users\nunocunha\documents\stroberaw_userp\stroberaw_userp\x64\debug\stroberaw_userp.tlog\cl.items.tlog
c:\users\nunocunha\documents\stroberaw_userp\stroberaw_userp\x64\debug\stroberaw_userp.tlog\cl.read.1.tlog
c:\users\nunocunha\documents\stroberaw_userp\stroberaw_userp\x64\debug\stroberaw_userp.tlog\cl.write.1.tlog
c:\users\nunocunha\documents\stroberaw_userp\stroberaw_userp\x64\debug\stroberaw_userp.tlog\link.command.1.tlog
c:\users\nunocunha\documents\stroberaw_userp\stroberaw_userp\x64\debug\stroberaw_userp.tlog\link.read.1.tlog
c:\users\nunocunha\documents\stroberaw_userp\stroberaw_userp\x64\debug\stroberaw_userp.tlog\link.secondary.1.tlog
c:\users\nunocunha\documents\stroberaw_userp\stroberaw_userp\x64\debug\stroberaw_userp.tlog\link.write.1.tlog
c:\users\nunocunha\documents\stroberaw_userp\stroberaw_userp\x64\debug\stroberaw_userp.tlog\rc.command.1.tlog
c:\users\nunocunha\documents\stroberaw_userp\stroberaw_userp\x64\debug\stroberaw_userp.tlog\rc.read.1.tlog
c:\users\nunocunha\documents\stroberaw_userp\stroberaw_userp\x64\debug\stroberaw_userp.tlog\rc.write.1.tlog
